c:\users\memor\desktop\cube-sdl2-master\src\vcpp\debug\cube.pch
c:\users\memor\desktop\cube-sdl2-master\src\vcpp\debug\vc120.pdb
c:\users\memor\desktop\cube-sdl2-master\src\vcpp\debug\vc120.idb
c:\users\memor\desktop\cube-sdl2-master\src\vcpp\debug\pch.obj
c:\users\memor\desktop\cube-sdl2-master\src\vcpp\debug\rndmap.obj
c:\users\memor\desktop\cube-sdl2-master\src\vcpp\debug\rendertext.obj
c:\users\memor\desktop\cube-sdl2-master\src\vcpp\debug\renderparticles.obj
c:\users\memor\desktop\cube-sdl2-master\src\vcpp\debug\rendermd2.obj
c:\users\memor\desktop\cube-sdl2-master\src\vcpp\debug\rendergl.obj
c:\users\memor\desktop\cube-sdl2-master\src\vcpp\debug\renderextras.obj
c:\users\memor\desktop\cube-sdl2-master\src\vcpp\debug\rendercubes.obj
c:\users\memor\desktop\cube-sdl2-master\src\vcpp\debug\physics.obj
c:\users\memor\desktop\cube-sdl2-master\src\vcpp\debug\monster.obj
c:\users\memor\desktop\cube-sdl2-master\src\vcpp\debug\menus.obj
c:\users\memor\desktop\cube-sdl2-master\src\vcpp\debug\main.obj
c:\users\memor\desktop\cube-sdl2-master\src\vcpp\debug\entities.obj
c:\users\memor\desktop\cube-sdl2-master\src\vcpp\debug\editing.obj
c:\users\memor\desktop\cube-sdl2-master\src\vcpp\debug\console.obj
c:\users\memor\desktop\cube-sdl2-master\src\vcpp\debug\command.obj
c:\users\memor\desktop\cube-sdl2-master\src\vcpp\debug\clients2c.obj
c:\users\memor\desktop\cube-sdl2-master\src\vcpp\debug\clientgame.obj
c:\users\memor\desktop\cube-sdl2-master\src\vcpp\debug\clientextras.obj
c:\users\memor\desktop\cube-sdl2-master\src\vcpp\debug\client.obj
c:\users\memor\desktop\cube-sdl2-master\src\vcpp\debug\shader.obj
c:\users\memor\desktop\cube-sdl2-master\src\vcpp\debug\worldrender.obj
c:\users\memor\desktop\cube-sdl2-master\src\vcpp\debug\worldocull.obj
c:\users\memor\desktop\cube-sdl2-master\src\vcpp\debug\worldlight.obj
c:\users\memor\desktop\cube-sdl2-master\src\vcpp\debug\worldio.obj
c:\users\memor\desktop\cube-sdl2-master\src\vcpp\debug\world.obj
c:\users\memor\desktop\cube-sdl2-master\src\vcpp\debug\weapon.obj
c:\users\memor\desktop\cube-sdl2-master\src\vcpp\debug\sound.obj
c:\users\memor\desktop\cube-sdl2-master\src\vcpp\debug\serverutil.obj
c:\users\memor\desktop\cube-sdl2-master\src\vcpp\debug\serverms.obj
c:\users\memor\desktop\cube-sdl2-master\src\vcpp\debug\serverbrowser.obj
c:\users\memor\desktop\cube-sdl2-master\src\vcpp\debug\server.obj
c:\users\memor\desktop\cube-sdl2-master\src\vcpp\debug\savegamedemo.obj
c:\users\memor\desktop\cube-sdl2-master\src\vcpp\debug\win32.obj
c:\users\memor\desktop\cube-sdl2-master\src\vcpp\debug\unix.obj
c:\users\memor\desktop\cube-sdl2-master\src\vcpp\debug\protocol.obj
c:\users\memor\desktop\cube-sdl2-master\src\vcpp\debug\peer.obj
c:\users\memor\desktop\cube-sdl2-master\src\vcpp\debug\packet.obj
c:\users\memor\desktop\cube-sdl2-master\src\vcpp\debug\memory.obj
c:\users\memor\desktop\cube-sdl2-master\src\vcpp\debug\list.obj
c:\users\memor\desktop\cube-sdl2-master\src\vcpp\debug\host.obj
c:\users\memor\desktop\cube-sdl2-master\src\vcpp\debug\callbacks.obj
c:\users\memor\desktop\cube-sdl2-master\src\vcpp\debug\tools.obj
c:\users\memor\desktop\cube-sdl2-master\bin\cubed.ilk
c:\users\memor\desktop\cube-sdl2-master\bin\cubed.exe
c:\users\memor\desktop\cube-sdl2-master\src\vcpp\debug\cube_debug.pdb
c:\users\memor\desktop\cube-sdl2-master\src\vcpp\..\..\bin\cubed.exe
c:\users\memor\desktop\cube-sdl2-master\src\vcpp\debug\cube.tlog\cl.command.1.tlog
c:\users\memor\desktop\cube-sdl2-master\src\vcpp\debug\cube.tlog\cl.read.1.tlog
c:\users\memor\desktop\cube-sdl2-master\src\vcpp\debug\cube.tlog\cl.write.1.tlog
c:\users\memor\desktop\cube-sdl2-master\src\vcpp\debug\cube.tlog\link.command.1.tlog
c:\users\memor\desktop\cube-sdl2-master\src\vcpp\debug\cube.tlog\link.read.1.tlog
c:\users\memor\desktop\cube-sdl2-master\src\vcpp\debug\cube.tlog\link.write.1.tlog
